<?xml version="1.0" encoding="UTF-8"?>
<!-- Generated by org.testng.reporters.JUnitXMLReporter -->
<testsuite hostname="chetuiwk299" ignored="0" name="Default test(failed)(failed)" tests="2" failures="0" timestamp="25 Sep 2018 11:35:18 GMT" time="0.117" errors="0">
  <testcase name="@BeforeMethod setUp" time="0.0" classname="com.epicDMC.generic.BaseLib">
    <failure type="org.testng.TestNGException" message="
Parameter &amp;apos;browser&amp;apos; is required by BeforeMethod on method setUp but has not been marked @Optional or defined
in D:\Selenium-Automation\EpicDMC-EVMT\test-output\testng-failed.xml">
      <![CDATA[org.testng.TestNGException: 
Parameter 'browser' is required by BeforeMethod on method setUp but has not been marked @Optional or defined
in D:\Selenium-Automation\EpicDMC-EVMT\test-output\testng-failed.xml
... Removed 25 stack frames]]>
    </failure>
  </testcase> <!-- @BeforeMethod setUp -->
  <testcase name="@AfterMethod tearDown" time="0.0" classname="com.epicDMC.generic.BaseLib">
    <skipped/>
  </testcase> <!-- @AfterMethod tearDown -->
  <testcase name="@BeforeMethod setUp" time="0.0" classname="com.epicDMC.generic.BaseLib">
    <skipped/>
  </testcase> <!-- @BeforeMethod setUp -->
  <testcase name="@AfterMethod tearDown" time="0.0" classname="com.epicDMC.generic.BaseLib">
    <skipped/>
  </testcase> <!-- @AfterMethod tearDown -->
  <testcase name="validLogintest" time="0.001" classname="com.epicDMC.scripts.LoginTest">
    <skipped/>
  </testcase> <!-- validLogintest -->
  <testcase name="invalidLoginTest" time="0.0" classname="com.epicDMC.scripts.LoginTest">
    <skipped/>
  </testcase> <!-- invalidLoginTest -->
</testsuite> <!-- Default test(failed)(failed) -->
